# JRE version: Java(TM) SE Runtime Environment (8.0_20-b26) (build 1.8.0_20-b26)
# Java VM: Java HotSpot(TM) 64-Bit Server VM (25.20-b23 mixed mode windows-amd64 compressed oops)
Heap:
 PSYoungGen      total 468992K, used 322367K [0x0000000716400000, 0x0000000735180000, 0x00000007c0000000)
  eden space 446976K, 68% used [0x0000000716400000,0x0000000728e9c520,0x0000000731880000)
  from space 22016K, 75% used [0x0000000732f00000,0x0000000733f33ab0,0x0000000734480000)
  to   space 23040K, 0% used [0x0000000731880000,0x0000000731880000,0x0000000732f00000)
 ParOldGen       total 409088K, used 36323K [0x00000005c2c00000, 0x00000005dbb80000, 0x0000000716400000)
  object space 409088K, 8% used [0x00000005c2c00000,0x00000005c4f78ef0,0x00000005dbb80000)
 Metaspace       used 69399K, capacity 70824K, committed 71192K, reserved 1112064K
  class space    used 8247K, capacity 8634K, committed 8728K, reserved 1048576K
GC Heap History (10 events):
Event: 7.391 GC heap before
{Heap before GC invocations=9 (full 2):
 PSYoungGen      total 289792K, used 288955K [0x0000000716400000, 0x0000000729600000, 0x00000007c0000000)
  eden space 282624K, 100% used [0x0000000716400000,0x0000000727800000,0x0000000727800000)
  from space 7168K, 88% used [0x0000000728f00000,0x000000072952eff0,0x0000000729600000)
  to   space 15360K, 0% used [0x0000000727800000,0x0000000727800000,0x0000000728700000)
 ParOldGen       total 286720K, used 19867K [0x00000005c2c00000, 0x00000005d4400000, 0x0000000716400000)
  object space 286720K, 6% used [0x00000005c2c00000,0x00000005c3f66e88,0x00000005d4400000)
 Metaspace       used 45324K, capacity 46530K, committed 46888K, reserved 1089536K
  class space    used 5461K, capacity 5829K, committed 5928K, reserved 1048576K
Event: 7.404 GC heap after
Heap after GC invocations=9 (full 2):
 PSYoungGen      total 297984K, used 13708K [0x0000000716400000, 0x0000000730280000, 0x00000007c0000000)
  eden space 282624K, 0% used [0x0000000716400000,0x0000000716400000,0x0000000727800000)
  from space 15360K, 89% used [0x0000000727800000,0x0000000728563330,0x0000000728700000)
  to   space 16896K, 0% used [0x000000072f200000,0x000000072f200000,0x0000000730280000)
 ParOldGen       total 286720K, used 19875K [0x00000005c2c00000, 0x00000005d4400000, 0x0000000716400000)
  object space 286720K, 6% used [0x00000005c2c00000,0x00000005c3f68e88,0x00000005d4400000)
 Metaspace       used 45324K, capacity 46530K, committed 46888K, reserved 1089536K
  class space    used 5461K, capacity 5829K, committed 5928K, reserved 1048576K
}
Event: 9.490 GC heap before
{Heap before GC invocations=10 (full 2):
 PSYoungGen      total 297984K, used 296332K [0x0000000716400000, 0x0000000730280000, 0x00000007c0000000)
  eden space 282624K, 100% used [0x0000000716400000,0x0000000727800000,0x0000000727800000)
  from space 15360K, 89% used [0x0000000727800000,0x0000000728563330,0x0000000728700000)
  to   space 16896K, 0% used [0x000000072f200000,0x000000072f200000,0x0000000730280000)
 ParOldGen       total 286720K, used 19875K [0x00000005c2c00000, 0x00000005d4400000, 0x0000000716400000)
  object space 286720K, 6% used [0x00000005c2c00000,0x00000005c3f68e88,0x00000005d4400000)
 Metaspace       used 51511K, capacity 52710K, committed 52904K, reserved 1095680K
  class space    used 6112K, capacity 6475K, committed 6568K, reserved 1048576K
Event: 9.503 GC heap after
Heap after GC invocations=10 (full 2):
 PSYoungGen      total 392704K, used 16258K [0x0000000716400000, 0x0000000730200000, 0x00000007c0000000)
  eden space 376320K, 0% used [0x0000000716400000,0x0000000716400000,0x000000072d380000)
  from space 16384K, 99% used [0x000000072f200000,0x00000007301e0b00,0x0000000730200000)
  to   space 18944K, 0% used [0x000000072dd00000,0x000000072dd00000,0x000000072ef80000)
 ParOldGen       total 286720K, used 19883K [0x00000005c2c00000, 0x00000005d4400000, 0x0000000716400000)
  object space 286720K, 6% used [0x00000005c2c00000,0x00000005c3f6ae88,0x00000005d4400000)
 Metaspace       used 51511K, capacity 52710K, committed 52904K, reserved 1095680K
  class space    used 6112K, capacity 6475K, committed 6568K, reserved 1048576K
}
Event: 11.429 GC heap before
{Heap before GC invocations=11 (full 2):
 PSYoungGen      total 392704K, used 312475K [0x0000000716400000, 0x0000000730200000, 0x00000007c0000000)
  eden space 376320K, 78% used [0x0000000716400000,0x0000000728546240,0x000000072d380000)
  from space 16384K, 99% used [0x000000072f200000,0x00000007301e0b00,0x0000000730200000)
  to   space 18944K, 0% used [0x000000072dd00000,0x000000072dd00000,0x000000072ef80000)
 ParOldGen       total 286720K, used 19883K [0x00000005c2c00000, 0x00000005d4400000, 0x0000000716400000)
  object space 286720K, 6% used [0x00000005c2c00000,0x00000005c3f6ae88,0x00000005d4400000)
 Metaspace       used 57688K, capacity 58898K, committed 59160K, reserved 1101824K
  class space    used 6757K, capacity 7093K, committed 7192K, reserved 1048576K
Event: 11.462 GC heap after
Heap after GC invocations=11 (full 2):
 PSYoungGen      total 404992K, used 18926K [0x0000000716400000, 0x0000000734480000, 0x00000007c0000000)
  eden space 386048K, 0% used [0x0000000716400000,0x0000000716400000,0x000000072dd00000)
  from space 18944K, 99% used [0x000000072dd00000,0x000000072ef7b9e8,0x000000072ef80000)
  to   space 22016K, 0% used [0x0000000732f00000,0x0000000732f00000,0x0000000734480000)
 ParOldGen       total 286720K, used 21619K [0x00000005c2c00000, 0x00000005d4400000, 0x0000000716400000)
  object space 286720K, 7% used [0x00000005c2c00000,0x00000005c411cfb8,0x00000005d4400000)
 Metaspace       used 57688K, capacity 58898K, committed 59160K, reserved 1101824K
  class space    used 6757K, capacity 7093K, committed 7192K, reserved 1048576K
}
Event: 11.462 GC heap before
{Heap before GC invocations=12 (full 3):
 PSYoungGen      total 404992K, used 18926K [0x0000000716400000, 0x0000000734480000, 0x00000007c0000000)
  eden space 386048K, 0% used [0x0000000716400000,0x0000000716400000,0x000000072dd00000)
  from space 18944K, 99% used [0x000000072dd00000,0x000000072ef7b9e8,0x000000072ef80000)
  to   space 22016K, 0% used [0x0000000732f00000,0x0000000732f00000,0x0000000734480000)
 ParOldGen       total 286720K, used 21619K [0x00000005c2c00000, 0x00000005d4400000, 0x0000000716400000)
  object space 286720K, 7% used [0x00000005c2c00000,0x00000005c411cfb8,0x00000005d4400000)
 Metaspace       used 57688K, capacity 58898K, committed 59160K, reserved 1101824K
  class space    used 6757K, capacity 7093K, committed 7192K, reserved 1048576K
Event: 11.651 GC heap after
Heap after GC invocations=12 (full 3):
 PSYoungGen      total 404992K, used 0K [0x0000000716400000, 0x0000000734480000, 0x00000007c0000000)
  eden space 386048K, 0% used [0x0000000716400000,0x0000000716400000,0x000000072dd00000)
  from space 18944K, 0% used [0x000000072dd00000,0x000000072dd00000,0x000000072ef80000)
  to   space 22016K, 0% used [0x0000000732f00000,0x0000000732f00000,0x0000000734480000)
 ParOldGen       total 409088K, used 36315K [0x00000005c2c00000, 0x00000005dbb80000, 0x0000000716400000)
  object space 409088K, 8% used [0x00000005c2c00000,0x00000005c4f76ef0,0x00000005dbb80000)
 Metaspace       used 57688K, capacity 58898K, committed 59160K, reserved 1101824K
  class space    used 6757K, capacity 7093K, committed 7192K, reserved 1048576K
}
Event: 14.845 GC heap before
{Heap before GC invocations=13 (full 3):
 PSYoungGen      total 404992K, used 386048K [0x0000000716400000, 0x0000000734480000, 0x00000007c0000000)
  eden space 386048K, 100% used [0x0000000716400000,0x000000072dd00000,0x000000072dd00000)
  from space 18944K, 0% used [0x000000072dd00000,0x000000072dd00000,0x000000072ef80000)
  to   space 22016K, 0% used [0x0000000732f00000,0x0000000732f00000,0x0000000734480000)
 ParOldGen       total 409088K, used 36315K [0x00000005c2c00000, 0x00000005dbb80000, 0x0000000716400000)
  object space 409088K, 8% used [0x00000005c2c00000,0x00000005c4f76ef0,0x00000005dbb80000)
 Metaspace       used 65456K, capacity 66830K, committed 67096K, reserved 1107968K
  class space    used 7797K, capacity 8175K, committed 8216K, reserved 1048576K
Event: 14.878 GC heap after
Heap after GC invocations=13 (full 3):
 PSYoungGen      total 468992K, used 16590K [0x0000000716400000, 0x0000000735180000, 0x00000007c0000000)
  eden space 446976K, 0% used [0x0000000716400000,0x0000000716400000,0x0000000731880000)
  from space 22016K, 75% used [0x0000000732f00000,0x0000000733f33ab0,0x0000000734480000)
  to   space 23040K, 0% used [0x0000000731880000,0x0000000731880000,0x0000000732f00000)
 ParOldGen       total 409088K, used 36323K [0x00000005c2c00000, 0x00000005dbb80000, 0x0000000716400000)
  object space 409088K, 8% used [0x00000005c2c00000,0x00000005c4f78ef0,0x00000005dbb80000)
 Metaspace       used 65456K, capacity 66830K, committed 67096K, reserved 1107968K
  class space    used 7797K, capacity 8175K, committed 8216K, reserved 1048576K
}

